\BOOKMARK [1][-]{section.1}{\376\377\000R\000a\000p\000p\000e\000l\000s\000\040\000s\000u\000r\000\040\000l\000a\000\040\000t\000h\000\351\000o\000r\000i\000e\000\040\000d\000e\000s\000\040\000e\000n\000s\000e\000m\000b\000l\000e\000s}{}% 1
\BOOKMARK [1][-]{section.2}{\376\377\000L\000a\000\040\000n\000o\000t\000i\000o\000n\000\040\000d\000'\000e\000n\000s\000e\000m\000b\000l\000e}{}% 2
\BOOKMARK [1][-]{section.3}{\376\377\000I\000n\000c\000l\000u\000s\000i\000o\000n\000,\000\040\000\351\000g\000a\000l\000i\000t\000\351\000\040\000e\000t\000\040\000d\000i\000a\000g\000r\000a\000m\000m\000e\000\040\000d\000e\000\040\000V\000e\000n\000n}{}% 3
\BOOKMARK [1][-]{section.4}{\376\377\000U\000n\000i\000o\000n\000,\000\040\000i\000n\000t\000e\000r\000s\000e\000c\000t\000i\000o\000n\000,\000\040\000d\000i\000f\000f\000\351\000r\000e\000n\000c\000e\000\040\000e\000t\000\040\000c\000o\000m\000p\000l\000\351\000m\000e\000n\000t}{}% 4
\BOOKMARK [2][-]{subsection.4.1}{\376\377\000U\000n\000i\000o\000n}{section.4}% 5
\BOOKMARK [2][-]{subsection.4.2}{\376\377\000I\000n\000t\000e\000r\000s\000e\000c\000t\000i\000o\000n}{section.4}% 6
\BOOKMARK [2][-]{subsection.4.3}{\376\377\000D\000i\000f\000f\000\351\000r\000e\000n\000c\000e\000\040\000d\000e\000\040\000d\000e\000u\000x\000\040\000e\000n\000s\000e\000m\000b\000l\000e\000s}{section.4}% 7
\BOOKMARK [2][-]{subsection.4.4}{\376\377\000C\000o\000m\000p\000l\000\351\000m\000e\000n\000t\000a\000i\000r\000e\000\040\000d\000'\000u\000n\000\040\000e\000n\000s\000e\000m\000b\000l\000e}{section.4}% 8
\BOOKMARK [1][-]{section.5}{\376\377\000Q\000u\000e\000l\000q\000u\000e\000s\000\040\000p\000r\000o\000p\000r\000i\000\351\000t\000\351\000s}{}% 9
\BOOKMARK [2][-]{subsection.5.1}{\376\377\000P\000r\000o\000p\000r\000i\000\351\000t\000\351\000s\000\040\000l\000i\000\351\000e\000s\000\040\000a\000u\000x\000\040\000o\000p\000\351\000r\000a\000t\000i\000o\000n\000s\000\040\000d\000'\000u\000n\000i\000o\000n\000\040\000e\000t\000\040\000i\000n\000t\000e\000r\000s\000e\000c\000t\000i\000o\000n}{section.5}% 10
\BOOKMARK [2][-]{subsection.5.2}{\376\377\000P\000r\000o\000p\000r\000i\000\351\000t\000\351\000s\000\040\000l\000i\000\351\000e\000s\000\040\000\340\000\040\000l\000'\000e\000n\000s\000e\000m\000b\000l\000e\000\040\000c\000o\000m\000p\000l\000\351\000m\000e\000n\000t\000a\000i\000r\000e}{section.5}% 11
\BOOKMARK [2][-]{subsection.5.3}{\376\377\000L\000o\000i\000\040\000d\000e\000\040\000D\000e\000\040\000M\000o\000r\000g\000a\000n}{section.5}% 12
\BOOKMARK [1][-]{section.6}{\376\377\000E\000x\000t\000e\000n\000s\000i\000o\000n\000\040\000\340\000\040\000u\000n\000e\000\040\000c\000o\000l\000l\000e\000c\000t\000i\000o\000n\000\040\000d\000'\000e\000n\000s\000e\000m\000b\000l\000e\000s}{}% 13
\BOOKMARK [1][-]{section.7}{\376\377\000P\000a\000r\000t\000i\000t\000i\000o\000n\000s}{}% 14
\BOOKMARK [1][-]{section.8}{\376\377\000O\000p\000\351\000r\000a\000t\000i\000o\000n\000s\000\040\000s\000u\000r\000\040\000l\000e\000s\000\040\000c\000a\000r\000d\000i\000n\000a\000u\000x}{}% 15
\BOOKMARK [1][-]{section.9}{\376\377\000E\000x\000p\000\351\000r\000i\000e\000n\000c\000e\000s\000\040\000e\000n\000\040\000p\000l\000u\000s\000i\000e\000u\000r\000s\000\040\000\351\000t\000a\000p\000e\000s}{}% 16
\BOOKMARK [2][-]{subsection.9.1}{\376\377\000D\000\351\000f\000i\000n\000i\000t\000i\000o\000n}{section.9}% 17
\BOOKMARK [2][-]{subsection.9.2}{\376\377\000D\000i\000a\000g\000r\000a\000m\000m\000e\000\040\000a\000r\000b\000o\000r\000e\000s\000c\000e\000n\000t}{section.9}% 18
\BOOKMARK [2][-]{subsection.9.3}{\376\377\000E\000x\000e\000m\000p\000l\000e\000s}{section.9}% 19
\BOOKMARK [1][-]{section.10}{\376\377\000A\000r\000r\000a\000n\000g\000e\000m\000e\000n\000t\000s}{}% 20
\BOOKMARK [2][-]{subsection.10.1}{\376\377\000A\000r\000r\000a\000n\000g\000e\000m\000e\000n\000t\000s\000\040\000s\000a\000n\000s\000\040\000r\000\351\000p\000\351\000t\000i\000t\000i\000o\000n}{section.10}% 21
\BOOKMARK [2][-]{subsection.10.2}{\376\377\000A\000r\000r\000a\000n\000g\000e\000m\000e\000n\000t\000s\000\040\000a\000v\000e\000c\000\040\000r\000\351\000p\000\351\000t\000i\000t\000i\000o\000n}{section.10}% 22
\BOOKMARK [1][-]{section.11}{\376\377\000P\000e\000r\000m\000u\000t\000a\000t\000i\000o\000n\000s}{}% 23
\BOOKMARK [1][-]{section.12}{\376\377\000C\000o\000m\000b\000i\000n\000a\000i\000s\000o\000n\000s}{}% 24
\BOOKMARK [1][-]{section.13}{\376\377\000L\000e\000\040\000b\000i\000n\000\364\000m\000e\000\040\000d\000e\000\040\000N\000e\000w\000t\000o\000n}{}% 25
\BOOKMARK [1][-]{section.14}{\376\377\000R\000\351\000s\000u\000m\000\351}{}% 26
